C:\USERS\ABHALERA\DOCUMENTS\VISUAL STUDIO 2010\PROJECTS\PRACTICE\DEBUG\LESSON1.EXE
C:\USERS\ABHALERA\DOCUMENTS\VISUAL STUDIO 2010\PROJECTS\PRACTICE\DEBUG\LESSON1.ILK
C:\USERS\ABHALERA\DOCUMENTS\VISUAL STUDIO 2010\PROJECTS\PRACTICE\DEBUG\LESSON1.PDB
c:\Users\abhalera\documents\visual studio 2010\Projects\Practice\lesson1\Debug\cl.command.1.tlog
c:\Users\abhalera\documents\visual studio 2010\Projects\Practice\lesson1\Debug\CL.read.1.tlog
c:\Users\abhalera\documents\visual studio 2010\Projects\Practice\lesson1\Debug\CL.write.1.tlog
C:\USERS\ABHALERA\DOCUMENTS\VISUAL STUDIO 2010\PROJECTS\PRACTICE\LESSON1\DEBUG\LESSON1.EXE.EMBED.MANIFEST
C:\USERS\ABHALERA\DOCUMENTS\VISUAL STUDIO 2010\PROJECTS\PRACTICE\LESSON1\DEBUG\LESSON1.EXE.EMBED.MANIFEST.RES
C:\USERS\ABHALERA\DOCUMENTS\VISUAL STUDIO 2010\PROJECTS\PRACTICE\LESSON1\DEBUG\LESSON1.EXE.INTERMEDIATE.MANIFEST
c:\Users\abhalera\documents\visual studio 2010\Projects\Practice\lesson1\Debug\lesson1.write.1.tlog
c:\Users\abhalera\documents\visual studio 2010\Projects\Practice\lesson1\Debug\lesson1_manifest.rc
c:\Users\abhalera\documents\visual studio 2010\Projects\Practice\lesson1\Debug\link.8664.read.1.tlog
c:\Users\abhalera\documents\visual studio 2010\Projects\Practice\lesson1\Debug\link.8664.write.1.tlog
c:\Users\abhalera\documents\visual studio 2010\Projects\Practice\lesson1\Debug\link.8664-cvtres.read.1.tlog
c:\Users\abhalera\documents\visual studio 2010\Projects\Practice\lesson1\Debug\link.8664-cvtres.write.1.tlog
c:\Users\abhalera\documents\visual studio 2010\Projects\Practice\lesson1\Debug\link.command.1.tlog
c:\Users\abhalera\documents\visual studio 2010\Projects\Practice\lesson1\Debug\link.read.1.tlog
c:\Users\abhalera\documents\visual studio 2010\Projects\Practice\lesson1\Debug\link.write.1.tlog
c:\Users\abhalera\documents\visual studio 2010\Projects\Practice\lesson1\Debug\link-cvtres.read.1.tlog
c:\Users\abhalera\documents\visual studio 2010\Projects\Practice\lesson1\Debug\link-cvtres.write.1.tlog
C:\USERS\ABHALERA\DOCUMENTS\VISUAL STUDIO 2010\PROJECTS\PRACTICE\LESSON1\DEBUG\MAIN.OBJ
c:\Users\abhalera\documents\visual studio 2010\Projects\Practice\lesson1\Debug\mt.command.1.tlog
c:\Users\abhalera\documents\visual studio 2010\Projects\Practice\lesson1\Debug\mt.read.1.tlog
c:\Users\abhalera\documents\visual studio 2010\Projects\Practice\lesson1\Debug\mt.write.1.tlog
c:\Users\abhalera\documents\visual studio 2010\Projects\Practice\lesson1\Debug\rc.command.1.tlog
c:\Users\abhalera\documents\visual studio 2010\Projects\Practice\lesson1\Debug\rc.read.1.tlog
c:\Users\abhalera\documents\visual studio 2010\Projects\Practice\lesson1\Debug\rc.write.1.tlog
c:\Users\abhalera\documents\visual studio 2010\Projects\Practice\lesson1\Debug\vc100.idb
C:\USERS\ABHALERA\DOCUMENTS\VISUAL STUDIO 2010\PROJECTS\PRACTICE\LESSON1\DEBUG\VC100.PDB
